<?xml version="1.0" encoding="UTF-8"?>
<testng-results ignored="0" total="1" passed="1" failed="0" skipped="0">
  <reporter-output>
  </reporter-output>
  <suite started-at="2020-02-17T11:30:13Z" name="BDD Test Suite" finished-at="2020-02-17T11:32:36Z" duration-ms="142647">
    <groups>
      <group name="cucumber">
        <method signature="TestRunner.feature(cucumber.api.testng.CucumberFeatureWrapper)[pri:0, instance:Runner.TestRunner@1e802ef9]" name="feature" class="Runner.TestRunner"/>
      </group> <!-- cucumber -->
    </groups>
    <test started-at="2020-02-17T11:30:13Z" name="DataXtractor" finished-at="2020-02-17T11:32:36Z" duration-ms="142647">
      <class name="Runner.TestRunner">
        <test-method is-config="true" signature="setUpClass()[pri:0, instance:Runner.TestRunner@1e802ef9]" started-at="2020-02-17T11:30:14Z" name="setUpClass" finished-at="2020-02-17T11:30:14Z" duration-ms="564" status="PASS">
          <reporter-output>
          </reporter-output>
        </test-method> <!-- setUpClass -->
        <test-method signature="feature(cucumber.api.testng.CucumberFeatureWrapper)[pri:0, instance:Runner.TestRunner@1e802ef9]" started-at="2020-02-17T11:30:14Z" name="feature" description="Runs Cucumber Feature" data-provider="features" finished-at="2020-02-17T11:32:36Z" duration-ms="141558" status="PASS">
          <params>
            <param index="0">
              <value>
                <![CDATA[Add Query feature]]>
              </value>
            </param>
          </params>
          <reporter-output>
          </reporter-output>
        </test-method> <!-- feature -->
        <test-method is-config="true" signature="tearDownClass()[pri:0, instance:Runner.TestRunner@1e802ef9]" started-at="2020-02-17T11:32:36Z" name="tearDownClass" finished-at="2020-02-17T11:32:36Z" duration-ms="8" status="PASS">
          <reporter-output>
          </reporter-output>
        </test-method> <!-- tearDownClass -->
      </class> <!-- Runner.TestRunner -->
    </test> <!-- DataXtractor -->
  </suite> <!-- BDD Test Suite -->
</testng-results>
